<?xml version="1.0" encoding="UTF-8"?>
<!-- Generated by org.testng.reporters.JUnitReportReporter -->
<testsuite hostname="MAVBCP1180" failures="0" tests="1" name="com.training.sub" time="0.019" errors="0" timestamp="2021-02-17T20:00:46 IST" skipped="0">
  <testcase classname="com.training.sub" name="subTest" time="0.019"/>
  <system-out/>
</testsuite> <!-- com.training.sub -->
